<?xml version="1.0" encoding="UTF-8"?>
<!-- Generated by org.testng.reporters.JUnitXMLReporter -->
<testsuite ignored="0" hostname="admins-MacBook-Air.local" failures="0" tests="3" name="Default test" time="22.774" errors="0" timestamp="2020-05-31T07:43:05 PDT">
  <testcase classname="com.HRMS.testcases.HwData" name="test" time="5.146"/>
  <testcase classname="com.HRMS.testcases.HwData" name="test" time="4.628"/>
  <testcase classname="com.HRMS.testcases.HwData" name="test" time="5.063"/>
</testsuite> <!-- Default test -->
