<?xml version="1.0" encoding="UTF-8"?>
<!-- Generated by org.testng.reporters.JUnitXMLReporter -->
<testsuite ignored="0" hostname="admins-MacBook-Air.local" failures="0" tests="3" name="Default test" time="10.28" errors="0" timestamp="2020-05-31T00:08:49 PDT">
  <testcase classname="com.HRMS.testcases.LoginTest" name="emptyUserName" time="0.362"/>
  <testcase classname="com.HRMS.testcases.LoginTest" name="invalidCreden" time="0.871"/>
  <testcase classname="com.HRMS.testcases.LoginTest" name="validAdminLogin" time="2.154"/>
</testsuite> <!-- Default test -->
