<?xml version="1.0" encoding="UTF-8"?>
<!-- Generated by org.testng.reporters.JUnitXMLReporter -->
<testsuite ignored="10" hostname="admins-MacBook-Air.local" failures="0" tests="2" name="Regression Test" time="13.394" errors="0" timestamp="2020-06-02T17:58:46 PDT">
  <testcase classname="com.HRMS.testcases.LoginTest" name="emptyUserName" time="0.315"/>
  <testcase classname="com.HRMS.testcases.LoginTest" name="invalidCreden" time="0.637"/>
  <testcase classname="com.HRMS.testcases.LoginTest" name="validAdminLogin" time="0.0">
    <ignored/>
  </testcase> <!-- validAdminLogin -->
  <testcase classname="com.HRMS.testcases.DefineReport" name="reports" time="0.0">
    <ignored/>
  </testcase> <!-- reports -->
  <testcase classname="com.HRMS.testcases.HwData" name="addEmp" time="0.0">
    <ignored/>
  </testcase> <!-- addEmp -->
  <testcase classname="com.HRMS.testbase.BaseClass" name="@AfterTest writeReport" time="0.0">
    <ignored/>
  </testcase> <!-- @AfterTest writeReport -->
  <testcase classname="com.HRMS.testbase.BaseClass" name="@AfterTest writeReport" time="0.0">
    <ignored/>
  </testcase> <!-- @AfterTest writeReport -->
  <testcase classname="com.HRMS.testbase.BaseClass" name="@AfterTest writeReport" time="0.0">
    <ignored/>
  </testcase> <!-- @AfterTest writeReport -->
  <testcase classname="com.HRMS.testbase.BaseClass" name="@BeforeTest generateReport" time="0.0">
    <ignored/>
  </testcase> <!-- @BeforeTest generateReport -->
  <testcase classname="com.HRMS.testbase.BaseClass" name="@BeforeTest generateReport" time="0.0">
    <ignored/>
  </testcase> <!-- @BeforeTest generateReport -->
  <testcase classname="com.HRMS.testbase.BaseClass" name="@BeforeTest generateReport" time="0.0">
    <ignored/>
  </testcase> <!-- @BeforeTest generateReport -->
  <testcase classname="com.HRMS.testcases.dataProviderTest" name="HRMS" time="0.0">
    <ignored/>
  </testcase> <!-- HRMS -->
</testsuite> <!-- Regression Test -->
