<?xml version="1.0" encoding="UTF-8"?>
<!-- Generated by org.testng.reporters.JUnitXMLReporter -->
<testsuite ignored="0" hostname="admins-MacBook-Air.local" failures="1" tests="1" name="Test" time="6.242" errors="0" timestamp="2020-06-02T12:17:24 PDT">
  <testcase classname="com.HRMS.testcases.DefineReport" name="reports" time="0.009">
    <failure type="java.lang.NullPointerException">
      <![CDATA[java.lang.NullPointerException
at com.HRMS.testcases.DefineReport.reports(DefineReport.java:13)
at java.base/java.util.ArrayList.forEach(ArrayList.java:1507)
... Removed 27 stack frames]]>
    </failure>
  </testcase> <!-- reports -->
</testsuite> <!-- Test -->
