<?xml version="1.0" encoding="UTF-8"?>
<!-- Generated by org.testng.reporters.JUnitXMLReporter -->
<testsuite ignored="0" hostname="admins-MacBook-Air.local" failures="0" tests="4" name="Command line test" time="15.127" errors="0" timestamp="2020-05-31T01:18:51 PDT">
  <testcase classname="com.HRMS.testcases.LoginTest" name="emptyUserName" time="0.296"/>
  <testcase classname="com.HRMS.testcases.LoginTest" name="invalidCreden" time="0.609"/>
  <testcase classname="com.HRMS.testcases.LoginTest" name="validAdminLogin" time="1.956"/>
  <testcase classname="com.HRMS.testcases.dataProviderTest" name="HRMS" time="4.64"/>
</testsuite> <!-- Command line test -->
