<?xml version="1.0" encoding="UTF-8"?>
<!-- Generated by org.testng.reporters.JUnitXMLReporter -->
<testsuite ignored="10" hostname="admins-MacBook-Air.local" failures="0" tests="2" name="Smoke Test" time="26.782" errors="0" timestamp="2020-06-03T22:02:26 PDT">
  <testcase classname="com.HRMS.testcases.DefineReport" name="reports" time="11.108"/>
  <testcase classname="com.HRMS.testcases.LoginTest" name="validAdminLogin" time="2.083"/>
  <testcase classname="com.HRMS.testcases.LoginTest" name="invalidCreden" time="0.0">
    <ignored/>
  </testcase> <!-- invalidCreden -->
  <testcase classname="com.HRMS.testcases.HwData" name="addEmp" time="0.0">
    <ignored/>
  </testcase> <!-- addEmp -->
  <testcase classname="com.HRMS.testcases.LoginTest" name="emptyUserName" time="0.0">
    <ignored/>
  </testcase> <!-- emptyUserName -->
  <testcase classname="com.HRMS.testbase.BaseClass" name="@AfterTest writeReport" time="0.0">
    <ignored/>
  </testcase> <!-- @AfterTest writeReport -->
  <testcase classname="com.HRMS.testbase.BaseClass" name="@AfterTest writeReport" time="0.0">
    <ignored/>
  </testcase> <!-- @AfterTest writeReport -->
  <testcase classname="com.HRMS.testbase.BaseClass" name="@AfterTest writeReport" time="0.0">
    <ignored/>
  </testcase> <!-- @AfterTest writeReport -->
  <testcase classname="com.HRMS.testbase.BaseClass" name="@BeforeTest generateReport" time="0.0">
    <ignored/>
  </testcase> <!-- @BeforeTest generateReport -->
  <testcase classname="com.HRMS.testbase.BaseClass" name="@BeforeTest generateReport" time="0.0">
    <ignored/>
  </testcase> <!-- @BeforeTest generateReport -->
  <testcase classname="com.HRMS.testbase.BaseClass" name="@BeforeTest generateReport" time="0.0">
    <ignored/>
  </testcase> <!-- @BeforeTest generateReport -->
  <testcase classname="com.HRMS.testcases.dataProviderTest" name="HRMS" time="0.0">
    <ignored/>
  </testcase> <!-- HRMS -->
</testsuite> <!-- Smoke Test -->
