<?xml version="1.0" encoding="UTF-8"?>
<!-- Generated by org.testng.reporters.JUnitXMLReporter -->
<testsuite ignored="6" hostname="admins-MacBook-Air.local" failures="0" tests="5" name="Smoke Test" time="65.316" errors="0" timestamp="2020-05-31T08:58:31 PDT">
  <testcase classname="com.HRMS.testcases.LoginTest" name="validAdminLogin" time="4.064"/>
  <testcase classname="com.HRMS.testcases.HwData" name="test" time="11.513"/>
  <testcase classname="com.HRMS.testcases.HwData" name="test" time="11.855"/>
  <testcase classname="com.HRMS.testcases.HwData" name="test" time="6.786"/>
  <testcase classname="com.HRMS.testcases.dataProviderTest" name="HRMS" time="4.923"/>
  <testcase classname="com.HRMS.testcases.LoginTest" name="invalidCreden" time="0.0">
    <ignored/>
  </testcase> <!-- invalidCreden -->
  <testcase classname="com.HRMS.testcases.LoginTest" name="emptyUserName" time="0.0">
    <ignored/>
  </testcase> <!-- emptyUserName -->
  <testcase classname="com.HRMS.testbase.BaseClass" name="@AfterTest writeReport" time="0.0">
    <ignored/>
  </testcase> <!-- @AfterTest writeReport -->
  <testcase classname="com.HRMS.testbase.BaseClass" name="@AfterTest writeReport" time="0.0">
    <ignored/>
  </testcase> <!-- @AfterTest writeReport -->
  <testcase classname="com.HRMS.testbase.BaseClass" name="@BeforeTest generateReport" time="0.0">
    <ignored/>
  </testcase> <!-- @BeforeTest generateReport -->
  <testcase classname="com.HRMS.testbase.BaseClass" name="@BeforeTest generateReport" time="0.0">
    <ignored/>
  </testcase> <!-- @BeforeTest generateReport -->
</testsuite> <!-- Smoke Test -->
