<?xml version="1.0" encoding="UTF-8"?>
<!-- Generated by org.testng.reporters.JUnitXMLReporter -->
<testsuite ignored="6" hostname="admins-MacBook-Air.local" failures="0" tests="5" name="Regression Test" time="48.382" errors="0" timestamp="2020-05-31T12:33:45 PDT">
  <testcase classname="com.HRMS.testcases.LoginTest" name="emptyUserName" time="0.332"/>
  <testcase classname="com.HRMS.testcases.LoginTest" name="invalidCreden" time="0.622"/>
  <testcase classname="com.HRMS.testcases.HwData" name="addEmp" time="13.705"/>
  <testcase classname="com.HRMS.testcases.HwData" name="addEmp" time="9.809"/>
  <testcase classname="com.HRMS.testcases.HwData" name="addEmp" time="9.629"/>
  <testcase classname="com.HRMS.testcases.LoginTest" name="validAdminLogin" time="0.0">
    <ignored/>
  </testcase> <!-- validAdminLogin -->
  <testcase classname="com.HRMS.testbase.BaseClass" name="@AfterTest writeReport" time="0.0">
    <ignored/>
  </testcase> <!-- @AfterTest writeReport -->
  <testcase classname="com.HRMS.testbase.BaseClass" name="@AfterTest writeReport" time="0.0">
    <ignored/>
  </testcase> <!-- @AfterTest writeReport -->
  <testcase classname="com.HRMS.testbase.BaseClass" name="@BeforeTest generateReport" time="0.0">
    <ignored/>
  </testcase> <!-- @BeforeTest generateReport -->
  <testcase classname="com.HRMS.testbase.BaseClass" name="@BeforeTest generateReport" time="0.0">
    <ignored/>
  </testcase> <!-- @BeforeTest generateReport -->
  <testcase classname="com.HRMS.testcases.dataProviderTest" name="HRMS" time="0.0">
    <ignored/>
  </testcase> <!-- HRMS -->
</testsuite> <!-- Regression Test -->
