<?xml version="1.0" encoding="UTF-8"?>
<!-- Generated by org.testng.reporters.JUnitXMLReporter -->
<testsuite ignored="2" hostname="admins-MacBook-Air.local" failures="0" tests="5" name="Regression Test" time="28.097" errors="0" timestamp="2020-05-31T00:47:03 PDT">
  <testcase classname="com.HRMS.testcases.LoginTest" name="emptyUserName" time="0.365"/>
  <testcase classname="com.HRMS.testcases.LoginTest" name="invalidCreden" time="0.706"/>
  <testcase classname="com.HRMS.testcases.HwData" name="test" time="5.45"/>
  <testcase classname="com.HRMS.testcases.HwData" name="test" time="4.815"/>
  <testcase classname="com.HRMS.testcases.HwData" name="test" time="5.389"/>
  <testcase classname="com.HRMS.testcases.LoginTest" name="validAdminLogin" time="0.0">
    <ignored/>
  </testcase> <!-- validAdminLogin -->
  <testcase classname="com.HRMS.testcases.dataProviderTest" name="HRMS" time="0.0">
    <ignored/>
  </testcase> <!-- HRMS -->
</testsuite> <!-- Regression Test -->
