<?xml version="1.0" encoding="UTF-8"?>
<testng-results ignored="0" total="4" passed="4" failed="0" skipped="0">
  <reporter-output>
  </reporter-output>
  <suite started-at="2020-05-31T01:18:36 PDT" name="Command line suite" finished-at="2020-05-31T01:18:51 PDT" duration-ms="15127">
    <groups>
      <group name="regression">
        <method signature="LoginTest.emptyUserName()[pri:0, instance:com.HRMS.testcases.LoginTest@28ac3dc3]" name="emptyUserName" class="com.HRMS.testcases.LoginTest"/>
        <method signature="LoginTest.invalidCreden()[pri:0, instance:com.HRMS.testcases.LoginTest@28ac3dc3]" name="invalidCreden" class="com.HRMS.testcases.LoginTest"/>
      </group> <!-- regression -->
      <group name="smoke">
        <method signature="LoginTest.validAdminLogin()[pri:0, instance:com.HRMS.testcases.LoginTest@28ac3dc3]" name="validAdminLogin" class="com.HRMS.testcases.LoginTest"/>
        <method signature="dataProviderTest.HRMS(java.lang.String, java.lang.String, java.lang.String, java.lang.String, java.lang.String, java.lang.String)[pri:0, instance:com.HRMS.testcases.dataProviderTest@32eebfca]" name="HRMS" class="com.HRMS.testcases.dataProviderTest"/>
      </group> <!-- smoke -->
    </groups>
    <test started-at="2020-05-31T01:18:36 PDT" name="Command line test" finished-at="2020-05-31T01:18:51 PDT" duration-ms="15127">
      <class name="com.HRMS.testcases.dataProviderTest">
        <test-method is-config="true" signature="setUp()[pri:0, instance:com.HRMS.testcases.dataProviderTest@32eebfca]" started-at="2020-05-31T01:18:45 PDT" name="setUp" finished-at="2020-05-31T01:18:46 PDT" duration-ms="1731" status="PASS">
          <reporter-output>
          </reporter-output>
        </test-method> <!-- setUp -->
        <test-method signature="HRMS(java.lang.String, java.lang.String, java.lang.String, java.lang.String, java.lang.String, java.lang.String)[pri:0, instance:com.HRMS.testcases.dataProviderTest@32eebfca]" started-at="2020-05-31T01:18:46 PDT" name="HRMS" data-provider="getTestData" finished-at="2020-05-31T01:18:51 PDT" duration-ms="4640" status="PASS">
          <params>
            <param index="0">
              <value>
                <![CDATA[Morgan]]>
              </value>
            </param>
            <param index="1">
              <value>
                <![CDATA[Freeman]]>
              </value>
            </param>
            <param index="2">
              <value>
                <![CDATA[MorganF]]>
              </value>
            </param>
            <param index="3">
              <value>
                <![CDATA[MorganFreeman@56!!]]>
              </value>
            </param>
            <param index="4">
              <value>
                <![CDATA[MorganFreeman@56!!]]>
              </value>
            </param>
            <param index="5">
              <value>
                <![CDATA[screenshots/employee/morgan.png]]>
              </value>
            </param>
          </params>
          <reporter-output>
          </reporter-output>
        </test-method> <!-- HRMS -->
        <test-method is-config="true" signature="tearDown()[pri:0, instance:com.HRMS.testcases.dataProviderTest@32eebfca]" started-at="2020-05-31T01:18:51 PDT" name="tearDown" finished-at="2020-05-31T01:18:51 PDT" duration-ms="124" status="PASS">
          <reporter-output>
          </reporter-output>
        </test-method> <!-- tearDown -->
      </class> <!-- com.HRMS.testcases.dataProviderTest -->
      <class name="com.HRMS.testcases.LoginTest">
        <test-method is-config="true" signature="setUp()[pri:0, instance:com.HRMS.testcases.LoginTest@28ac3dc3]" started-at="2020-05-31T01:18:36 PDT" name="setUp" finished-at="2020-05-31T01:18:38 PDT" duration-ms="2078" status="PASS">
          <reporter-output>
          </reporter-output>
        </test-method> <!-- setUp -->
        <test-method signature="emptyUserName()[pri:0, instance:com.HRMS.testcases.LoginTest@28ac3dc3]" started-at="2020-05-31T01:18:38 PDT" name="emptyUserName" finished-at="2020-05-31T01:18:38 PDT" duration-ms="296" status="PASS">
          <reporter-output>
          </reporter-output>
        </test-method> <!-- emptyUserName -->
        <test-method is-config="true" signature="tearDown()[pri:0, instance:com.HRMS.testcases.LoginTest@28ac3dc3]" started-at="2020-05-31T01:18:38 PDT" name="tearDown" finished-at="2020-05-31T01:18:39 PDT" duration-ms="115" status="PASS">
          <reporter-output>
          </reporter-output>
        </test-method> <!-- tearDown -->
        <test-method is-config="true" signature="setUp()[pri:0, instance:com.HRMS.testcases.LoginTest@28ac3dc3]" started-at="2020-05-31T01:18:39 PDT" name="setUp" finished-at="2020-05-31T01:18:40 PDT" duration-ms="1664" status="PASS">
          <reporter-output>
          </reporter-output>
        </test-method> <!-- setUp -->
        <test-method signature="invalidCreden()[pri:0, instance:com.HRMS.testcases.LoginTest@28ac3dc3]" started-at="2020-05-31T01:18:40 PDT" name="invalidCreden" finished-at="2020-05-31T01:18:41 PDT" duration-ms="609" status="PASS">
          <reporter-output>
          </reporter-output>
        </test-method> <!-- invalidCreden -->
        <test-method is-config="true" signature="tearDown()[pri:0, instance:com.HRMS.testcases.LoginTest@28ac3dc3]" started-at="2020-05-31T01:18:41 PDT" name="tearDown" finished-at="2020-05-31T01:18:41 PDT" duration-ms="100" status="PASS">
          <reporter-output>
          </reporter-output>
        </test-method> <!-- tearDown -->
        <test-method is-config="true" signature="setUp()[pri:0, instance:com.HRMS.testcases.LoginTest@28ac3dc3]" started-at="2020-05-31T01:18:41 PDT" name="setUp" finished-at="2020-05-31T01:18:43 PDT" duration-ms="1670" status="PASS">
          <reporter-output>
          </reporter-output>
        </test-method> <!-- setUp -->
        <test-method signature="validAdminLogin()[pri:0, instance:com.HRMS.testcases.LoginTest@28ac3dc3]" started-at="2020-05-31T01:18:43 PDT" name="validAdminLogin" finished-at="2020-05-31T01:18:45 PDT" duration-ms="1956" status="PASS">
          <reporter-output>
          </reporter-output>
        </test-method> <!-- validAdminLogin -->
        <test-method is-config="true" signature="tearDown()[pri:0, instance:com.HRMS.testcases.LoginTest@28ac3dc3]" started-at="2020-05-31T01:18:45 PDT" name="tearDown" finished-at="2020-05-31T01:18:45 PDT" duration-ms="109" status="PASS">
          <reporter-output>
          </reporter-output>
        </test-method> <!-- tearDown -->
      </class> <!-- com.HRMS.testcases.LoginTest -->
    </test> <!-- Command line test -->
  </suite> <!-- Command line suite -->
</testng-results>
