<?xml version="1.0" encoding="UTF-8"?>
<testng-results ignored="10" total="12" passed="2" failed="0" skipped="0">
  <reporter-output>
  </reporter-output>
  <suite started-at="2020-06-02T17:58:32 PDT" name="Regression Suite" finished-at="2020-06-02T17:58:46 PDT" duration-ms="13394">
    <groups>
      <group name="regression">
        <method signature="LoginTest.emptyUserName()[pri:0, instance:com.HRMS.testcases.LoginTest@55a1c291]" name="emptyUserName" class="com.HRMS.testcases.LoginTest"/>
        <method signature="LoginTest.invalidCreden()[pri:0, instance:com.HRMS.testcases.LoginTest@55a1c291]" name="invalidCreden" class="com.HRMS.testcases.LoginTest"/>
      </group> <!-- regression -->
    </groups>
    <test started-at="2020-06-02T17:58:32 PDT" name="Regression Test" finished-at="2020-06-02T17:58:46 PDT" duration-ms="13394">
      <class name="com.HRMS.testcases.DefineReport">
        <test-method is-config="true" signature="generateReport()[pri:0, instance:com.HRMS.testcases.DefineReport@29f69090]" started-at="2020-06-02T17:58:32 PDT" name="generateReport" finished-at="2020-06-02T17:58:33 PDT" duration-ms="134" status="PASS">
          <reporter-output>
          </reporter-output>
        </test-method> <!-- generateReport -->
        <test-method is-config="true" signature="writeReport()[pri:0, instance:com.HRMS.testcases.DefineReport@29f69090]" started-at="2020-06-02T17:58:45 PDT" name="writeReport" finished-at="2020-06-02T17:58:46 PDT" duration-ms="339" status="PASS">
          <reporter-output>
          </reporter-output>
        </test-method> <!-- writeReport -->
      </class> <!-- com.HRMS.testcases.DefineReport -->
      <class name="com.HRMS.testcases.LoginTest">
        <test-method is-config="true" signature="setUp()[pri:0, instance:com.HRMS.testcases.LoginTest@55a1c291]" started-at="2020-06-02T17:58:33 PDT" name="setUp" finished-at="2020-06-02T17:58:35 PDT" duration-ms="2334" status="PASS">
          <reporter-output>
          </reporter-output>
        </test-method> <!-- setUp -->
        <test-method signature="emptyUserName()[pri:0, instance:com.HRMS.testcases.LoginTest@55a1c291]" started-at="2020-06-02T17:58:35 PDT" name="emptyUserName" finished-at="2020-06-02T17:58:35 PDT" duration-ms="315" status="PASS">
          <reporter-output>
          </reporter-output>
        </test-method> <!-- emptyUserName -->
        <test-method is-config="true" signature="tearDown()[pri:0, instance:com.HRMS.testcases.LoginTest@55a1c291]" started-at="2020-06-02T17:58:36 PDT" name="tearDown" finished-at="2020-06-02T17:58:39 PDT" duration-ms="3103" status="PASS">
          <reporter-output>
          </reporter-output>
        </test-method> <!-- tearDown -->
        <test-method is-config="true" signature="setUp()[pri:0, instance:com.HRMS.testcases.LoginTest@55a1c291]" started-at="2020-06-02T17:58:39 PDT" name="setUp" finished-at="2020-06-02T17:58:41 PDT" duration-ms="2019" status="PASS">
          <reporter-output>
          </reporter-output>
        </test-method> <!-- setUp -->
        <test-method signature="invalidCreden()[pri:0, instance:com.HRMS.testcases.LoginTest@55a1c291]" started-at="2020-06-02T17:58:41 PDT" name="invalidCreden" finished-at="2020-06-02T17:58:42 PDT" duration-ms="637" status="PASS">
          <reporter-output>
          </reporter-output>
        </test-method> <!-- invalidCreden -->
        <test-method is-config="true" signature="tearDown()[pri:0, instance:com.HRMS.testcases.LoginTest@55a1c291]" started-at="2020-06-02T17:58:42 PDT" name="tearDown" finished-at="2020-06-02T17:58:45 PDT" duration-ms="3094" status="PASS">
          <reporter-output>
          </reporter-output>
        </test-method> <!-- tearDown -->
      </class> <!-- com.HRMS.testcases.LoginTest -->
    </test> <!-- Regression Test -->
  </suite> <!-- Regression Suite -->
</testng-results>
