<?xml version="1.0" encoding="UTF-8" ?>
<testsuite tests="4" failures="0" name="TestSuite" time="7.504" errors="0" skipped="0">
  <properties>
[...]
</properties>
  <testcase classname="com.HRMS.testcases.LoginTest" name="emptyUserName" time="0.298"/>
  <testcase classname="com.HRMS.testcases.LoginTest" name="invalidCreden" time="0.609"/>
  <testcase classname="com.HRMS.testcases.LoginTest" name="validAdminLogin" time="1.956"/>
  <testcase classname="com.HRMS.testcases.dataProviderTest" name="HRMS" time="4.641"/>
</testsuite>