<?xml version="1.0" encoding="UTF-8"?>
<testng-results ignored="2" total="7" passed="5" failed="0" skipped="0">
  <reporter-output>
  </reporter-output>
  <suite started-at="2020-05-31T00:46:35 PDT" name="Regression Suite" finished-at="2020-05-31T00:47:03 PDT" duration-ms="28097">
    <groups>
      <group name="addEmp">
        <method signature="HwData.test(java.lang.String, java.lang.String, java.lang.String, java.lang.String)[pri:0, instance:com.HRMS.testcases.HwData@65d6b83b]" name="test" class="com.HRMS.testcases.HwData"/>
      </group> <!-- addEmp -->
      <group name="regression">
        <method signature="HwData.test(java.lang.String, java.lang.String, java.lang.String, java.lang.String)[pri:0, instance:com.HRMS.testcases.HwData@65d6b83b]" name="test" class="com.HRMS.testcases.HwData"/>
        <method signature="LoginTest.emptyUserName()[pri:0, instance:com.HRMS.testcases.LoginTest@45018215]" name="emptyUserName" class="com.HRMS.testcases.LoginTest"/>
        <method signature="LoginTest.invalidCreden()[pri:0, instance:com.HRMS.testcases.LoginTest@45018215]" name="invalidCreden" class="com.HRMS.testcases.LoginTest"/>
      </group> <!-- regression -->
      <group name="smoke">
        <method signature="HwData.test(java.lang.String, java.lang.String, java.lang.String, java.lang.String)[pri:0, instance:com.HRMS.testcases.HwData@65d6b83b]" name="test" class="com.HRMS.testcases.HwData"/>
      </group> <!-- smoke -->
    </groups>
    <test started-at="2020-05-31T00:46:35 PDT" name="Regression Test" finished-at="2020-05-31T00:47:03 PDT" duration-ms="28097">
      <class name="com.HRMS.testcases.HwData">
        <test-method is-config="true" signature="setUp()[pri:0, instance:com.HRMS.testcases.HwData@65d6b83b]" started-at="2020-05-31T00:46:40 PDT" name="setUp" finished-at="2020-05-31T00:46:42 PDT" duration-ms="1735" status="PASS">
          <reporter-output>
          </reporter-output>
        </test-method> <!-- setUp -->
        <test-method signature="test(java.lang.String, java.lang.String, java.lang.String, java.lang.String)[pri:0, instance:com.HRMS.testcases.HwData@65d6b83b]" started-at="2020-05-31T00:46:42 PDT" name="test" data-provider="userDataFromExcel" finished-at="2020-05-31T00:46:48 PDT" duration-ms="5450" status="PASS">
          <params>
            <param index="0">
              <value>
                <![CDATA[John]]>
              </value>
            </param>
            <param index="1">
              <value>
                <![CDATA[Smith]]>
              </value>
            </param>
            <param index="2">
              <value>
                <![CDATA[john456]]>
              </value>
            </param>
            <param index="3">
              <value>
                <![CDATA[AmirKhan_@123]]>
              </value>
            </param>
          </params>
          <reporter-output>
          </reporter-output>
        </test-method> <!-- test -->
        <test-method is-config="true" signature="tearDown()[pri:0, instance:com.HRMS.testcases.HwData@65d6b83b]" started-at="2020-05-31T00:46:48 PDT" name="tearDown" finished-at="2020-05-31T00:46:48 PDT" duration-ms="101" status="PASS">
          <reporter-output>
          </reporter-output>
        </test-method> <!-- tearDown -->
        <test-method is-config="true" signature="setUp()[pri:0, instance:com.HRMS.testcases.HwData@65d6b83b]" started-at="2020-05-31T00:46:48 PDT" name="setUp" finished-at="2020-05-31T00:46:50 PDT" duration-ms="2299" status="PASS">
          <reporter-output>
          </reporter-output>
        </test-method> <!-- setUp -->
        <test-method signature="test(java.lang.String, java.lang.String, java.lang.String, java.lang.String)[pri:0, instance:com.HRMS.testcases.HwData@65d6b83b]" started-at="2020-05-31T00:46:50 PDT" name="test" data-provider="userDataFromExcel" finished-at="2020-05-31T00:46:55 PDT" duration-ms="4815" status="PASS">
          <params>
            <param index="0">
              <value>
                <![CDATA[Mary]]>
              </value>
            </param>
            <param index="1">
              <value>
                <![CDATA[Ann]]>
              </value>
            </param>
            <param index="2">
              <value>
                <![CDATA[mary456]]>
              </value>
            </param>
            <param index="3">
              <value>
                <![CDATA[AmirKhan_@123]]>
              </value>
            </param>
          </params>
          <reporter-output>
          </reporter-output>
        </test-method> <!-- test -->
        <test-method is-config="true" signature="tearDown()[pri:0, instance:com.HRMS.testcases.HwData@65d6b83b]" started-at="2020-05-31T00:46:55 PDT" name="tearDown" finished-at="2020-05-31T00:46:55 PDT" duration-ms="97" status="PASS">
          <reporter-output>
          </reporter-output>
        </test-method> <!-- tearDown -->
        <test-method is-config="true" signature="setUp()[pri:0, instance:com.HRMS.testcases.HwData@65d6b83b]" started-at="2020-05-31T00:46:55 PDT" name="setUp" finished-at="2020-05-31T00:46:57 PDT" duration-ms="2431" status="PASS">
          <reporter-output>
          </reporter-output>
        </test-method> <!-- setUp -->
        <test-method signature="test(java.lang.String, java.lang.String, java.lang.String, java.lang.String)[pri:0, instance:com.HRMS.testcases.HwData@65d6b83b]" started-at="2020-05-31T00:46:57 PDT" name="test" data-provider="userDataFromExcel" finished-at="2020-05-31T00:47:03 PDT" duration-ms="5389" status="PASS">
          <params>
            <param index="0">
              <value>
                <![CDATA[Ali]]>
              </value>
            </param>
            <param index="1">
              <value>
                <![CDATA[Tarlaci]]>
              </value>
            </param>
            <param index="2">
              <value>
                <![CDATA[ali456]]>
              </value>
            </param>
            <param index="3">
              <value>
                <![CDATA[AmirKhan_@123]]>
              </value>
            </param>
          </params>
          <reporter-output>
          </reporter-output>
        </test-method> <!-- test -->
        <test-method is-config="true" signature="tearDown()[pri:0, instance:com.HRMS.testcases.HwData@65d6b83b]" started-at="2020-05-31T00:47:03 PDT" name="tearDown" finished-at="2020-05-31T00:47:03 PDT" duration-ms="106" status="PASS">
          <reporter-output>
          </reporter-output>
        </test-method> <!-- tearDown -->
      </class> <!-- com.HRMS.testcases.HwData -->
      <class name="com.HRMS.testcases.LoginTest">
        <test-method is-config="true" signature="setUp()[pri:0, instance:com.HRMS.testcases.LoginTest@45018215]" started-at="2020-05-31T00:46:35 PDT" name="setUp" finished-at="2020-05-31T00:46:37 PDT" duration-ms="2245" status="PASS">
          <reporter-output>
          </reporter-output>
        </test-method> <!-- setUp -->
        <test-method signature="emptyUserName()[pri:0, instance:com.HRMS.testcases.LoginTest@45018215]" started-at="2020-05-31T00:46:37 PDT" name="emptyUserName" finished-at="2020-05-31T00:46:37 PDT" duration-ms="365" status="PASS">
          <reporter-output>
          </reporter-output>
        </test-method> <!-- emptyUserName -->
        <test-method is-config="true" signature="tearDown()[pri:0, instance:com.HRMS.testcases.LoginTest@45018215]" started-at="2020-05-31T00:46:37 PDT" name="tearDown" finished-at="2020-05-31T00:46:38 PDT" duration-ms="90" status="PASS">
          <reporter-output>
          </reporter-output>
        </test-method> <!-- tearDown -->
        <test-method is-config="true" signature="setUp()[pri:0, instance:com.HRMS.testcases.LoginTest@45018215]" started-at="2020-05-31T00:46:38 PDT" name="setUp" finished-at="2020-05-31T00:46:39 PDT" duration-ms="1630" status="PASS">
          <reporter-output>
          </reporter-output>
        </test-method> <!-- setUp -->
        <test-method signature="invalidCreden()[pri:0, instance:com.HRMS.testcases.LoginTest@45018215]" started-at="2020-05-31T00:46:39 PDT" name="invalidCreden" finished-at="2020-05-31T00:46:40 PDT" duration-ms="706" status="PASS">
          <reporter-output>
          </reporter-output>
        </test-method> <!-- invalidCreden -->
        <test-method is-config="true" signature="tearDown()[pri:0, instance:com.HRMS.testcases.LoginTest@45018215]" started-at="2020-05-31T00:46:40 PDT" name="tearDown" finished-at="2020-05-31T00:46:40 PDT" duration-ms="158" status="PASS">
          <reporter-output>
          </reporter-output>
        </test-method> <!-- tearDown -->
      </class> <!-- com.HRMS.testcases.LoginTest -->
    </test> <!-- Regression Test -->
  </suite> <!-- Regression Suite -->
</testng-results>
