<?xml version="1.0" encoding="UTF-8"?>
<testng-results ignored="6" total="11" passed="5" failed="0" skipped="0">
  <reporter-output>
  </reporter-output>
  <suite started-at="2020-05-31T08:57:26 PDT" name="Smoke Suite" finished-at="2020-05-31T08:58:31 PDT" duration-ms="65316">
    <groups>
      <group name="addEmp">
        <method signature="HwData.test(java.lang.String, java.lang.String, java.lang.String, java.lang.String)[pri:0, instance:com.HRMS.testcases.HwData@18ce0030]" name="test" class="com.HRMS.testcases.HwData"/>
      </group> <!-- addEmp -->
      <group name="regression">
        <method signature="HwData.test(java.lang.String, java.lang.String, java.lang.String, java.lang.String)[pri:0, instance:com.HRMS.testcases.HwData@18ce0030]" name="test" class="com.HRMS.testcases.HwData"/>
      </group> <!-- regression -->
      <group name="smoke">
        <method signature="HwData.test(java.lang.String, java.lang.String, java.lang.String, java.lang.String)[pri:0, instance:com.HRMS.testcases.HwData@18ce0030]" name="test" class="com.HRMS.testcases.HwData"/>
        <method signature="LoginTest.validAdminLogin()[pri:0, instance:com.HRMS.testcases.LoginTest@77167fb7]" name="validAdminLogin" class="com.HRMS.testcases.LoginTest"/>
        <method signature="dataProviderTest.HRMS(java.lang.String, java.lang.String, java.lang.String, java.lang.String, java.lang.String, java.lang.String)[pri:0, instance:com.HRMS.testcases.dataProviderTest@4445629]" name="HRMS" class="com.HRMS.testcases.dataProviderTest"/>
      </group> <!-- smoke -->
    </groups>
    <test started-at="2020-05-31T08:57:26 PDT" name="Smoke Test" finished-at="2020-05-31T08:58:31 PDT" duration-ms="65316">
      <class name="com.HRMS.testcases.HwData">
        <test-method is-config="true" signature="setUp()[pri:0, instance:com.HRMS.testcases.HwData@18ce0030]" started-at="2020-05-31T08:57:34 PDT" name="setUp" finished-at="2020-05-31T08:57:41 PDT" duration-ms="7164" status="PASS">
          <reporter-output>
          </reporter-output>
        </test-method> <!-- setUp -->
        <test-method signature="test(java.lang.String, java.lang.String, java.lang.String, java.lang.String)[pri:0, instance:com.HRMS.testcases.HwData@18ce0030]" started-at="2020-05-31T08:57:41 PDT" name="test" data-provider="userDataFromExcel" finished-at="2020-05-31T08:57:53 PDT" duration-ms="11513" status="PASS">
          <params>
            <param index="0">
              <value>
                <![CDATA[John]]>
              </value>
            </param>
            <param index="1">
              <value>
                <![CDATA[Smith]]>
              </value>
            </param>
            <param index="2">
              <value>
                <![CDATA[john456]]>
              </value>
            </param>
            <param index="3">
              <value>
                <![CDATA[AmirKhan_@123]]>
              </value>
            </param>
          </params>
          <reporter-output>
          </reporter-output>
        </test-method> <!-- test -->
        <test-method is-config="true" signature="tearDown()[pri:0, instance:com.HRMS.testcases.HwData@18ce0030]" started-at="2020-05-31T08:57:53 PDT" name="tearDown" finished-at="2020-05-31T08:57:53 PDT" duration-ms="105" status="PASS">
          <reporter-output>
          </reporter-output>
        </test-method> <!-- tearDown -->
        <test-method is-config="true" signature="setUp()[pri:0, instance:com.HRMS.testcases.HwData@18ce0030]" started-at="2020-05-31T08:57:53 PDT" name="setUp" finished-at="2020-05-31T08:58:01 PDT" duration-ms="7804" status="PASS">
          <reporter-output>
          </reporter-output>
        </test-method> <!-- setUp -->
        <test-method signature="test(java.lang.String, java.lang.String, java.lang.String, java.lang.String)[pri:0, instance:com.HRMS.testcases.HwData@18ce0030]" started-at="2020-05-31T08:58:01 PDT" name="test" data-provider="userDataFromExcel" finished-at="2020-05-31T08:58:13 PDT" duration-ms="11855" status="PASS">
          <params>
            <param index="0">
              <value>
                <![CDATA[Mary]]>
              </value>
            </param>
            <param index="1">
              <value>
                <![CDATA[Ann]]>
              </value>
            </param>
            <param index="2">
              <value>
                <![CDATA[mary456]]>
              </value>
            </param>
            <param index="3">
              <value>
                <![CDATA[AmirKhan_@123]]>
              </value>
            </param>
          </params>
          <reporter-output>
          </reporter-output>
        </test-method> <!-- test -->
        <test-method is-config="true" signature="tearDown()[pri:0, instance:com.HRMS.testcases.HwData@18ce0030]" started-at="2020-05-31T08:58:13 PDT" name="tearDown" finished-at="2020-05-31T08:58:13 PDT" duration-ms="105" status="PASS">
          <reporter-output>
          </reporter-output>
        </test-method> <!-- tearDown -->
        <test-method is-config="true" signature="setUp()[pri:0, instance:com.HRMS.testcases.HwData@18ce0030]" started-at="2020-05-31T08:58:13 PDT" name="setUp" finished-at="2020-05-31T08:58:17 PDT" duration-ms="4065" status="PASS">
          <reporter-output>
          </reporter-output>
        </test-method> <!-- setUp -->
        <test-method signature="test(java.lang.String, java.lang.String, java.lang.String, java.lang.String)[pri:0, instance:com.HRMS.testcases.HwData@18ce0030]" started-at="2020-05-31T08:58:17 PDT" name="test" data-provider="userDataFromExcel" finished-at="2020-05-31T08:58:24 PDT" duration-ms="6786" status="PASS">
          <params>
            <param index="0">
              <value>
                <![CDATA[Ali]]>
              </value>
            </param>
            <param index="1">
              <value>
                <![CDATA[Tarlaci]]>
              </value>
            </param>
            <param index="2">
              <value>
                <![CDATA[ali456]]>
              </value>
            </param>
            <param index="3">
              <value>
                <![CDATA[AmirKhan_@123]]>
              </value>
            </param>
          </params>
          <reporter-output>
          </reporter-output>
        </test-method> <!-- test -->
        <test-method is-config="true" signature="tearDown()[pri:0, instance:com.HRMS.testcases.HwData@18ce0030]" started-at="2020-05-31T08:58:24 PDT" name="tearDown" finished-at="2020-05-31T08:58:24 PDT" duration-ms="106" status="PASS">
          <reporter-output>
          </reporter-output>
        </test-method> <!-- tearDown -->
      </class> <!-- com.HRMS.testcases.HwData -->
      <class name="com.HRMS.testcases.dataProviderTest">
        <test-method is-config="true" signature="setUp()[pri:0, instance:com.HRMS.testcases.dataProviderTest@4445629]" started-at="2020-05-31T08:58:24 PDT" name="setUp" finished-at="2020-05-31T08:58:26 PDT" duration-ms="2137" status="PASS">
          <reporter-output>
          </reporter-output>
        </test-method> <!-- setUp -->
        <test-method signature="HRMS(java.lang.String, java.lang.String, java.lang.String, java.lang.String, java.lang.String, java.lang.String)[pri:0, instance:com.HRMS.testcases.dataProviderTest@4445629]" started-at="2020-05-31T08:58:26 PDT" name="HRMS" data-provider="getTestData" finished-at="2020-05-31T08:58:31 PDT" duration-ms="4923" status="PASS">
          <params>
            <param index="0">
              <value>
                <![CDATA[Morgan]]>
              </value>
            </param>
            <param index="1">
              <value>
                <![CDATA[Freeman]]>
              </value>
            </param>
            <param index="2">
              <value>
                <![CDATA[MorganF]]>
              </value>
            </param>
            <param index="3">
              <value>
                <![CDATA[MorganFreeman@56!!]]>
              </value>
            </param>
            <param index="4">
              <value>
                <![CDATA[MorganFreeman@56!!]]>
              </value>
            </param>
            <param index="5">
              <value>
                <![CDATA[screenshots/employee/morgan.png]]>
              </value>
            </param>
          </params>
          <reporter-output>
          </reporter-output>
        </test-method> <!-- HRMS -->
        <test-method is-config="true" signature="tearDown()[pri:0, instance:com.HRMS.testcases.dataProviderTest@4445629]" started-at="2020-05-31T08:58:31 PDT" name="tearDown" finished-at="2020-05-31T08:58:31 PDT" duration-ms="108" status="PASS">
          <reporter-output>
          </reporter-output>
        </test-method> <!-- tearDown -->
      </class> <!-- com.HRMS.testcases.dataProviderTest -->
      <class name="com.HRMS.testcases.LoginTest">
        <test-method is-config="true" signature="generateReport()[pri:0, instance:com.HRMS.testcases.LoginTest@77167fb7]" started-at="2020-05-31T08:57:26 PDT" name="generateReport" finished-at="2020-05-31T08:57:26 PDT" duration-ms="168" status="PASS">
          <reporter-output>
          </reporter-output>
        </test-method> <!-- generateReport -->
        <test-method is-config="true" signature="setUp()[pri:0, instance:com.HRMS.testcases.LoginTest@77167fb7]" started-at="2020-05-31T08:57:26 PDT" name="setUp" finished-at="2020-05-31T08:57:29 PDT" duration-ms="3691" status="PASS">
          <reporter-output>
          </reporter-output>
        </test-method> <!-- setUp -->
        <test-method signature="validAdminLogin()[pri:0, instance:com.HRMS.testcases.LoginTest@77167fb7]" started-at="2020-05-31T08:57:29 PDT" name="validAdminLogin" finished-at="2020-05-31T08:57:34 PDT" duration-ms="4064" status="PASS">
          <reporter-output>
          </reporter-output>
        </test-method> <!-- validAdminLogin -->
        <test-method is-config="true" signature="tearDown()[pri:0, instance:com.HRMS.testcases.LoginTest@77167fb7]" started-at="2020-05-31T08:57:34 PDT" name="tearDown" finished-at="2020-05-31T08:57:34 PDT" duration-ms="104" status="PASS">
          <reporter-output>
          </reporter-output>
        </test-method> <!-- tearDown -->
        <test-method is-config="true" signature="writeReport()[pri:0, instance:com.HRMS.testcases.LoginTest@77167fb7]" started-at="2020-05-31T08:58:31 PDT" name="writeReport" finished-at="2020-05-31T08:58:31 PDT" duration-ms="2" status="PASS">
          <reporter-output>
          </reporter-output>
        </test-method> <!-- writeReport -->
      </class> <!-- com.HRMS.testcases.LoginTest -->
    </test> <!-- Smoke Test -->
  </suite> <!-- Smoke Suite -->
</testng-results>
